<?xml version="1.0" encoding="UTF-8"?>
<testsuite xmlns:xsi="http://www.w3.org/2001/XMLSchema-instance" xsi:noNamespaceSchemaLocation="https://maven.apache.org/surefire/maven-surefire-plugin/xsd/surefire-test-report.xsd" version="3.0.1" name="buddyrental_testing.cucumberTestRunner" time="17.528" tests="4" errors="0" skipped="0" failures="0">
  <properties>
[...]
</properties>
  <testcase name="Successfully update personal information" classname="Edit Personal Information" time="8.744">
    <system-out><![CDATA[
Scenario: Successfully update personal information     &amp#27;[90m# src/test/resources/buddyrental_testing/user_edit_profile.feature:6&amp#27;[0m
accessToken:eyJhbGciOiJIUzI1NiIsInR5cCI6IkpXVCJ9.eyJzdWIiOiI1NDAwMzIyMS1hMTYxLTQ3MDItOWY3NC0xYjllNzUyZTAxNmQiLCJlbWFpbCI6ImpvaG4uZG9lQGV4YW1wbGUuY29tIiwiaWF0IjoxNzQwMDY4Njk0LCJleHAiOjE3NDAzMjc4OTR9.KwTkucm-o3h1ozCCNTtnMfUbuWwIbssajM9H8k9u1NQ
  &amp#27;[32mGiven &amp#27;[0m&amp#27;[32mthe user is logged in for profile update&amp#27;[0m       &amp#27;[90m# buddyrental_testing.UserEditProfileSD.userIsLoggedIn()&amp#27;[0m
response:
  &amp#27;[32mWhen &amp#27;[0m&amp#27;[32mthe user submits the updated details&amp#27;[0m            &amp#27;[90m# buddyrental_testing.UserEditProfileSD.updateUserDetails()&amp#27;[0m
  &amp#27;[32mThen &amp#27;[0m&amp#27;[32mensure the information is validated and updated&amp#27;[0m &amp#27;[90m# buddyrental_testing.UserEditProfileSD.verifyInformationUpdated()&amp#27;[0m
]]></system-out>
  </testcase>
  <testcase name="Successful customer login" classname="User Login" time="2.537">
    <system-out><![CDATA[
Scenario: Successful customer login           &amp#27;[90m# src/test/resources/buddyrental_testing/user_login.feature:6&amp#27;[0m
  &amp#27;[32mGiven &amp#27;[0m&amp#27;[32mthe login email and password is valid&amp#27;[0m &amp#27;[90m# buddyrental_testing.UserLoginSD.validLoginCredentials()&amp#27;[0m
  &amp#27;[32mAnd &amp#27;[0m&amp#27;[32mthe customer is not logged in&amp#27;[0m           &amp#27;[90m# buddyrental_testing.UserLoginSD.customerNotLoggedIn()&amp#27;[0m
  &amp#27;[32mWhen &amp#27;[0m&amp#27;[32mthe customer logs in to the system&amp#27;[0m     &amp#27;[90m# buddyrental_testing.UserLoginSD.loginUser()&amp#27;[0m
  &amp#27;[32mThen &amp#27;[0m&amp#27;[32mensure the customer is logged in&amp#27;[0m       &amp#27;[90m# buddyrental_testing.UserLoginSD.verifyCustomerLoggedIn()&amp#27;[0m
]]></system-out>
  </testcase>
  <testcase name="Successful logout" classname="User Logout" time="3.037">
    <system-out><![CDATA[
Scenario: Successful logout                    &amp#27;[90m# src/test/resources/buddyrental_testing/user_logout.feature:3&amp#27;[0m
accessToken:eyJhbGciOiJIUzI1NiIsInR5cCI6IkpXVCJ9.eyJzdWIiOiI1NDAwMzIyMS1hMTYxLTQ3MDItOWY3NC0xYjllNzUyZTAxNmQiLCJlbWFpbCI6ImpvaG4uZG9lQGV4YW1wbGUuY29tIiwiaWF0IjoxNzQwMDY4NzAyLCJleHAiOjE3NDAzMjc5MDJ9.z5800wdGOybOpERhoSXHNpQVMKWY_whteYbRpmdXaKw
  &amp#27;[32mGiven &amp#27;[0m&amp#27;[32mthe user is logged in&amp#27;[0m                  &amp#27;[90m# buddyrental_testing.UserLogoutSD.theUserIsLoggedIn()&amp#27;[0m
  &amp#27;[32mAnd &amp#27;[0m&amp#27;[32mthe user has a valid JWT token&amp#27;[0m           &amp#27;[90m# buddyrental_testing.UserLogoutSD.userHasValidJWTToken()&amp#27;[0m
  &amp#27;[32mWhen &amp#27;[0m&amp#27;[32mthe user logs out by removing the token&amp#27;[0m &amp#27;[90m# buddyrental_testing.UserLogoutSD.theUserLogsOutByRemovingToken()&amp#27;[0m
  &amp#27;[32mAnd &amp#27;[0m&amp#27;[32mthe JWT token should be invalidated&amp#27;[0m      &amp#27;[90m# buddyrental_testing.UserLogoutSD.jwtTokenShouldBeInvalidated()&amp#27;[0m
  &amp#27;[32mAnd &amp#27;[0m&amp#27;[32mthe session should be removed&amp#27;[0m            &amp#27;[90m# buddyrental_testing.UserLogoutSD.sessionShouldBeRemoved()&amp#27;[0m
]]></system-out>
  </testcase>
  <testcase name="Successful customer registration" classname="Register as a Customer" time="2.798">
    <system-out><![CDATA[
@UserReg
Scenario: Successful customer registration                             &amp#27;[90m# src/test/resources/buddyrental_testing/user_reg.feature:7&amp#27;[0m
  &amp#27;[32mGiven &amp#27;[0m&amp#27;[32mthe information is valid and not linked to an existing account&amp#27;[0m &amp#27;[90m# buddyrental_testing.UserRegSD.validUserInformation()&amp#27;[0m
Response Body: {"success":true,"message":"User registered successfully"}
  &amp#27;[32mWhen &amp#27;[0m&amp#27;[32mthe customer registers to the system for UserReg&amp#27;[0m                &amp#27;[90m# buddyrental_testing.UserRegSD.registerCustomer()&amp#27;[0m
  &amp#27;[32mThen &amp#27;[0m&amp#27;[32mensure an user account is created&amp#27;[0m                               &amp#27;[90m# buddyrental_testing.UserRegSD.verifyAccountCreation()&amp#27;[0m
]]></system-out>
  </testcase>
</testsuite>